<html xmlns:stringutils="xalan://org.apache.tools.ant.util.StringUtils" xmlns:lxslt="http://xml.apache.org/xslt">
<head>
<META http-equiv="Content-Type" content="text/html; charset=UTF-8">
<title>Unit Test Results: All Errors</title>
<link title="Style" type="text/css" rel="stylesheet" href="stylesheet.css">
</head>
<body onload="open('allclasses-frame.html','classListFrame')">
<h1>Unit Test Results.</h1>
<table width="100%">
<tr>
<td align="left"></td><td align="right">Designed for use with <a href="http://www.junit.org/">JUnit</a> and <a href="http://ant.apache.org/">Ant</a>.</td>
</tr>
</table>
<hr size="1">
<h2>All Errors</h2>
<table width="95%" cellspacing="2" cellpadding="5" border="0" class="details">
<tr valign="top">
<th>Class</th><th>Name</th><th>Status</th><th width="80%">Type</th><th nowrap>Time(s)</th>
</tr>
<tr valign="top" class="Error">
<td><a href="org/openqa/selenium/qtwebkit/0_QtWebkitDriverTest.html">QtWebkitDriverTest</a></td><td><a name="testShouldNotGetCookieOnDifferentDomain"></a><a href="org/openqa/selenium/qtwebkit/0_QtWebkitDriverTest.html#testShouldNotGetCookieOnDifferentDomain">testShouldNotGetCookieOnDifferentDomain</a></td><td>Error</td><td>Expected valid hostname but was lwo1-dhp-f35258.synapse.com<br>
<br>
<code>java.lang.IllegalArgumentException: Expected valid hostname but was lwo1-dhp-f35258.synapse.com<br>	at com.google.common.base.Preconditions.checkArgument(Preconditions.java:115)<br>	at org.openqa.selenium.environment.DomainHelper.getUrlForSecondValidHostname(DomainHelper.java:42)<br>	at org.openqa.selenium.CookieImplementationTest.testShouldNotGetCookieOnDifferentDomain(CookieImplementationTest.java:216)<br>	at org.openqa.selenium.testing.SeleniumTestRunner$2.evaluate(SeleniumTestRunner.java:107)<br>	at org.openqa.selenium.testing.SeleniumTestRunner.runChild(SeleniumTestRunner.java:80)<br>	at org.openqa.selenium.testing.SeleniumTestRunner.runChild(SeleniumTestRunner.java:40)<br>	at org.openqa.selenium.testing.ParallelSuite$2.run(ParallelSuite.java:40)<br>	at org.openqa.selenium.testing.ParallelSuite$ThreadPool$1.run(ParallelSuite.java:79)<br>
</code></td><td>0.068</td>
</tr>
<tr valign="top" class="Error">
<td><a href="org/openqa/selenium/qtwebkit/0_QtWebkitDriverTest.html">QtWebkitDriverTest</a></td><td><a name="testFindingByCompoundClassNameIsAnError"></a><a href="org/openqa/selenium/qtwebkit/0_QtWebkitDriverTest.html#testFindingByCompoundClassNameIsAnError">testFindingByCompoundClassNameIsAnError</a></td><td>Error</td><td>Compound class names are not supported. Consider searching for one class name and filtering the results.
Build info: version: '2.25.0', revision: '17482', time: '2012-07-18 21:09:54'
System info: os.name: 'Linux', os.arch: 'i386', os.version: '3.5.3-1.fc17.i686', java.version: '1.7.0_06-icedtea'
Driver info: driver.version: unknown<br>
<br>
<code>org.openqa.selenium.IllegalLocatorException: Compound class names are not supported. Consider searching for one class name and filtering the results.<br>Build info: version: '2.25.0', revision: '17482', time: '2012-07-18 21:09:54'<br>System info: os.name: 'Linux', os.arch: 'i386', os.version: '3.5.3-1.fc17.i686', java.version: '1.7.0_06-icedtea'<br>Driver info: driver.version: unknown<br>	at org.openqa.selenium.By.className(By.java:131)<br>	at org.openqa.selenium.ElementFindingTest.testFindingByCompoundClassNameIsAnError(ElementFindingTest.java:408)<br>	at org.openqa.selenium.testing.SeleniumTestRunner$2.evaluate(SeleniumTestRunner.java:107)<br>	at org.openqa.selenium.testing.SeleniumTestRunner.runChild(SeleniumTestRunner.java:80)<br>	at org.openqa.selenium.testing.SeleniumTestRunner.runChild(SeleniumTestRunner.java:40)<br>	at org.openqa.selenium.testing.ParallelSuite$2.run(ParallelSuite.java:40)<br>	at org.openqa.selenium.testing.ParallelSuite$ThreadPool$1.run(ParallelSuite.java:79)<br>
</code></td><td>0.010</td>
</tr>
<tr valign="top" class="Error">
<td><a href="org/openqa/selenium/qtwebkit/0_QtWebkitDriverTest.html">QtWebkitDriverTest</a></td><td><a name="testShouldBeAbleToUploadTheSameFileTwice"></a><a href="org/openqa/selenium/qtwebkit/0_QtWebkitDriverTest.html#testShouldBeAbleToUploadTheSameFileTwice">testShouldBeAbleToUploadTheSameFileTwice</a></td><td>Error</td><td>getAttribute execution failed;
 Element does not exist in cache (WARNING: The server did not provide any stacktrace information)
Command duration or timeout: 117 milliseconds
For documentation on this error, please visit: http://seleniumhq.org/exceptions/stale_element_reference.html
Build info: version: '2.25.0', revision: '17482', time: '2012-07-18 21:09:54'
System info: os.name: 'Linux', os.arch: 'i386', os.version: '3.5.3-1.fc17.i686', java.version: '1.7.0_06-icedtea'
Driver info: driver.version: RemoteWebDriver
Session ID: 8b3bcef18cb03aea2365d8f03934f0a7<br>
<br>
<code>org.openqa.selenium.StaleElementReferenceException: getAttribute execution failed;<br> Element does not exist in cache (WARNING: The server did not provide any stacktrace information)<br>Command duration or timeout: 117 milliseconds<br>For documentation on this error, please visit: http://seleniumhq.org/exceptions/stale_element_reference.html<br>Build info: version: '2.25.0', revision: '17482', time: '2012-07-18 21:09:54'<br>System info: os.name: 'Linux', os.arch: 'i386', os.version: '3.5.3-1.fc17.i686', java.version: '1.7.0_06-icedtea'<br>Driver info: driver.version: RemoteWebDriver<br>Session ID: 8b3bcef18cb03aea2365d8f03934f0a7<br>	at java.lang.reflect.Constructor.newInstance(Constructor.java:525)<br>	at org.openqa.selenium.remote.ErrorHandler.createThrowable(ErrorHandler.java:188)<br>	at org.openqa.selenium.remote.ErrorHandler.throwIfResponseFailed(ErrorHandler.java:145)<br>	at org.openqa.selenium.remote.RemoteWebDriver.execute(RemoteWebDriver.java:498)<br>	at org.openqa.selenium.remote.RemoteWebElement.execute(RemoteWebElement.java:244)<br>	at org.openqa.selenium.remote.RemoteWebElement.getAttribute(RemoteWebElement.java:121)<br>	at org.openqa.selenium.FormHandlingTest.testShouldBeAbleToUploadTheSameFileTwice(FormHandlingTest.java:229)<br>	at org.openqa.selenium.testing.SeleniumTestRunner$2.evaluate(SeleniumTestRunner.java:107)<br>	at org.openqa.selenium.testing.SeleniumTestRunner.runChild(SeleniumTestRunner.java:80)<br>	at org.openqa.selenium.testing.SeleniumTestRunner.runChild(SeleniumTestRunner.java:40)<br>	at org.openqa.selenium.testing.ParallelSuite$2.run(ParallelSuite.java:40)<br>	at org.openqa.selenium.testing.ParallelSuite$ThreadPool$1.run(ParallelSuite.java:79)<br>
</code></td><td>0.855</td>
</tr>
<tr valign="top" class="Error">
<td><a href="org/openqa/selenium/qtwebkit/0_QtWebkitDriverTest.html">QtWebkitDriverTest</a></td><td><a name="testShouldNotCrashWhenCallingGetSizeOnAnObsoleteElement"></a><a href="org/openqa/selenium/qtwebkit/0_QtWebkitDriverTest.html#testShouldNotCrashWhenCallingGetSizeOnAnObsoleteElement">testShouldNotCrashWhenCallingGetSizeOnAnObsoleteElement</a></td><td>Error</td><td>The element could not be found (WARNING: The server did not provide any stacktrace information)
Command duration or timeout: 7 milliseconds
For documentation on this error, please visit: http://seleniumhq.org/exceptions/no_such_element.html
Build info: version: '2.25.0', revision: '17482', time: '2012-07-18 21:09:54'
System info: os.name: 'Linux', os.arch: 'i386', os.version: '3.5.3-1.fc17.i686', java.version: '1.7.0_06-icedtea'
Driver info: driver.version: RemoteWebDriver
Session ID: f0fb82a6f972dd0a920a24e0056c742a<br>
<br>
<code>org.openqa.selenium.NoSuchElementException: The element could not be found (WARNING: The server did not provide any stacktrace information)<br>Command duration or timeout: 7 milliseconds<br>For documentation on this error, please visit: http://seleniumhq.org/exceptions/no_such_element.html<br>Build info: version: '2.25.0', revision: '17482', time: '2012-07-18 21:09:54'<br>System info: os.name: 'Linux', os.arch: 'i386', os.version: '3.5.3-1.fc17.i686', java.version: '1.7.0_06-icedtea'<br>Driver info: driver.version: RemoteWebDriver<br>Session ID: f0fb82a6f972dd0a920a24e0056c742a<br>	at java.lang.reflect.Constructor.newInstance(Constructor.java:525)<br>	at org.openqa.selenium.remote.ErrorHandler.createThrowable(ErrorHandler.java:188)<br>	at org.openqa.selenium.remote.ErrorHandler.throwIfResponseFailed(ErrorHandler.java:145)<br>	at org.openqa.selenium.remote.RemoteWebDriver.execute(RemoteWebDriver.java:498)<br>	at org.openqa.selenium.remote.RemoteWebDriver.findElement(RemoteWebDriver.java:268)<br>	at org.openqa.selenium.remote.RemoteWebDriver.findElementById(RemoteWebDriver.java:297)<br>	at org.openqa.selenium.By$ById.findElement(By.java:215)<br>	at org.openqa.selenium.remote.RemoteWebDriver.findElement(RemoteWebDriver.java:260)<br>	at org.openqa.selenium.StaleElementReferenceTest.testShouldNotCrashWhenCallingGetSizeOnAnObsoleteElement(StaleElementReferenceTest.java:46)<br>	at org.openqa.selenium.testing.SeleniumTestRunner$2.evaluate(SeleniumTestRunner.java:107)<br>	at org.openqa.selenium.testing.SeleniumTestRunner.runChild(SeleniumTestRunner.java:80)<br>	at org.openqa.selenium.testing.SeleniumTestRunner.runChild(SeleniumTestRunner.java:40)<br>	at org.openqa.selenium.testing.ParallelSuite$2.run(ParallelSuite.java:40)<br>	at org.openqa.selenium.testing.ParallelSuite$ThreadPool$1.run(ParallelSuite.java:79)<br>
</code></td><td>0.011</td>
</tr>
<tr valign="top" class="Error">
<td><a href="org/openqa/selenium/qtwebkit/0_QtWebkitDriverTest.html">QtWebkitDriverTest</a></td><td><a name="testShouldNotCrashWhenQueryingTheAttributeOfAStaleElement"></a><a href="org/openqa/selenium/qtwebkit/0_QtWebkitDriverTest.html#testShouldNotCrashWhenQueryingTheAttributeOfAStaleElement">testShouldNotCrashWhenQueryingTheAttributeOfAStaleElement</a></td><td>Error</td><td>The element could not be found (WARNING: The server did not provide any stacktrace information)
Command duration or timeout: 7 milliseconds
For documentation on this error, please visit: http://seleniumhq.org/exceptions/no_such_element.html
Build info: version: '2.25.0', revision: '17482', time: '2012-07-18 21:09:54'
System info: os.name: 'Linux', os.arch: 'i386', os.version: '3.5.3-1.fc17.i686', java.version: '1.7.0_06-icedtea'
Driver info: driver.version: RemoteWebDriver
Session ID: f0fb82a6f972dd0a920a24e0056c742a<br>
<br>
<code>org.openqa.selenium.NoSuchElementException: The element could not be found (WARNING: The server did not provide any stacktrace information)<br>Command duration or timeout: 7 milliseconds<br>For documentation on this error, please visit: http://seleniumhq.org/exceptions/no_such_element.html<br>Build info: version: '2.25.0', revision: '17482', time: '2012-07-18 21:09:54'<br>System info: os.name: 'Linux', os.arch: 'i386', os.version: '3.5.3-1.fc17.i686', java.version: '1.7.0_06-icedtea'<br>Driver info: driver.version: RemoteWebDriver<br>Session ID: f0fb82a6f972dd0a920a24e0056c742a<br>	at java.lang.reflect.Constructor.newInstance(Constructor.java:525)<br>	at org.openqa.selenium.remote.ErrorHandler.createThrowable(ErrorHandler.java:188)<br>	at org.openqa.selenium.remote.ErrorHandler.throwIfResponseFailed(ErrorHandler.java:145)<br>	at org.openqa.selenium.remote.RemoteWebDriver.execute(RemoteWebDriver.java:498)<br>	at org.openqa.selenium.remote.RemoteWebDriver.findElement(RemoteWebDriver.java:268)<br>	at org.openqa.selenium.remote.RemoteWebDriver.findElementByXPath(RemoteWebDriver.java:353)<br>	at org.openqa.selenium.By$ByXPath.findElement(By.java:343)<br>	at org.openqa.selenium.remote.RemoteWebDriver.findElement(RemoteWebDriver.java:260)<br>	at org.openqa.selenium.StaleElementReferenceTest.testShouldNotCrashWhenQueryingTheAttributeOfAStaleElement(StaleElementReferenceTest.java:61)<br>	at org.openqa.selenium.testing.SeleniumTestRunner$2.evaluate(SeleniumTestRunner.java:107)<br>	at org.openqa.selenium.testing.SeleniumTestRunner.runChild(SeleniumTestRunner.java:80)<br>	at org.openqa.selenium.testing.SeleniumTestRunner.runChild(SeleniumTestRunner.java:40)<br>	at org.openqa.selenium.testing.ParallelSuite$2.run(ParallelSuite.java:40)<br>	at org.openqa.selenium.testing.ParallelSuite$ThreadPool$1.run(ParallelSuite.java:79)<br>
</code></td><td>0.010</td>
</tr>
<tr valign="top" class="Error">
<td><a href="org/openqa/selenium/qtwebkit/0_QtWebkitDriverTest.html">QtWebkitDriverTest</a></td><td><a name="testOldPage"></a><a href="org/openqa/selenium/qtwebkit/0_QtWebkitDriverTest.html#testOldPage">testOldPage</a></td><td>Error</td><td>The element could not be found (WARNING: The server did not provide any stacktrace information)
Command duration or timeout: 8 milliseconds
For documentation on this error, please visit: http://seleniumhq.org/exceptions/no_such_element.html
Build info: version: '2.25.0', revision: '17482', time: '2012-07-18 21:09:54'
System info: os.name: 'Linux', os.arch: 'i386', os.version: '3.5.3-1.fc17.i686', java.version: '1.7.0_06-icedtea'
Driver info: driver.version: RemoteWebDriver
Session ID: f0fb82a6f972dd0a920a24e0056c742a<br>
<br>
<code>org.openqa.selenium.NoSuchElementException: The element could not be found (WARNING: The server did not provide any stacktrace information)<br>Command duration or timeout: 8 milliseconds<br>For documentation on this error, please visit: http://seleniumhq.org/exceptions/no_such_element.html<br>Build info: version: '2.25.0', revision: '17482', time: '2012-07-18 21:09:54'<br>System info: os.name: 'Linux', os.arch: 'i386', os.version: '3.5.3-1.fc17.i686', java.version: '1.7.0_06-icedtea'<br>Driver info: driver.version: RemoteWebDriver<br>Session ID: f0fb82a6f972dd0a920a24e0056c742a<br>	at java.lang.reflect.Constructor.newInstance(Constructor.java:525)<br>	at org.openqa.selenium.remote.ErrorHandler.createThrowable(ErrorHandler.java:188)<br>	at org.openqa.selenium.remote.ErrorHandler.throwIfResponseFailed(ErrorHandler.java:145)<br>	at org.openqa.selenium.remote.RemoteWebDriver.execute(RemoteWebDriver.java:498)<br>	at org.openqa.selenium.remote.RemoteWebDriver.findElement(RemoteWebDriver.java:268)<br>	at org.openqa.selenium.remote.RemoteWebDriver.findElementById(RemoteWebDriver.java:297)<br>	at org.openqa.selenium.By$ById.findElement(By.java:215)<br>	at org.openqa.selenium.remote.RemoteWebDriver.findElement(RemoteWebDriver.java:260)<br>	at org.openqa.selenium.StaleElementReferenceTest.testOldPage(StaleElementReferenceTest.java:32)<br>	at org.openqa.selenium.testing.SeleniumTestRunner$2.evaluate(SeleniumTestRunner.java:107)<br>	at org.openqa.selenium.testing.SeleniumTestRunner.runChild(SeleniumTestRunner.java:80)<br>	at org.openqa.selenium.testing.SeleniumTestRunner.runChild(SeleniumTestRunner.java:40)<br>	at org.openqa.selenium.testing.ParallelSuite$2.run(ParallelSuite.java:40)<br>	at org.openqa.selenium.testing.ParallelSuite$ThreadPool$1.run(ParallelSuite.java:79)<br>
</code></td><td>0.011</td>
</tr>
<tr valign="top" class="Error">
<td><a href="org/openqa/selenium/qtwebkit/0_QtWebkitDriverTest.html">QtWebkitDriverTest</a></td><td><a name="testShouldClickOnGraphVisualElements"></a><a href="org/openqa/selenium/qtwebkit/0_QtWebkitDriverTest.html#testShouldClickOnGraphVisualElements">testShouldClickOnGraphVisualElements</a></td><td>Error</td><td>The element could not be found (WARNING: The server did not provide any stacktrace information)
Command duration or timeout: 61 milliseconds
For documentation on this error, please visit: http://seleniumhq.org/exceptions/no_such_element.html
Build info: version: '2.25.0', revision: '17482', time: '2012-07-18 21:09:54'
System info: os.name: 'Linux', os.arch: 'i386', os.version: '3.5.3-1.fc17.i686', java.version: '1.7.0_06-icedtea'
Driver info: driver.version: RemoteWebDriver
Session ID: f0fb82a6f972dd0a920a24e0056c742a<br>
<br>
<code>org.openqa.selenium.NoSuchElementException: The element could not be found (WARNING: The server did not provide any stacktrace information)<br>Command duration or timeout: 61 milliseconds<br>For documentation on this error, please visit: http://seleniumhq.org/exceptions/no_such_element.html<br>Build info: version: '2.25.0', revision: '17482', time: '2012-07-18 21:09:54'<br>System info: os.name: 'Linux', os.arch: 'i386', os.version: '3.5.3-1.fc17.i686', java.version: '1.7.0_06-icedtea'<br>Driver info: driver.version: RemoteWebDriver<br>Session ID: f0fb82a6f972dd0a920a24e0056c742a<br>	at java.lang.reflect.Constructor.newInstance(Constructor.java:525)<br>	at org.openqa.selenium.remote.ErrorHandler.createThrowable(ErrorHandler.java:188)<br>	at org.openqa.selenium.remote.ErrorHandler.throwIfResponseFailed(ErrorHandler.java:145)<br>	at org.openqa.selenium.remote.RemoteWebDriver.execute(RemoteWebDriver.java:498)<br>	at org.openqa.selenium.remote.RemoteWebDriver.findElement(RemoteWebDriver.java:268)<br>	at org.openqa.selenium.remote.RemoteWebDriver.findElementByCssSelector(RemoteWebDriver.java:345)<br>	at org.openqa.selenium.By$ByCssSelector.findElement(By.java:406)<br>	at org.openqa.selenium.remote.RemoteWebDriver.findElement(RemoteWebDriver.java:260)<br>	at org.openqa.selenium.SvgElementTest.testShouldClickOnGraphVisualElements(SvgElementTest.java:53)<br>	at org.openqa.selenium.testing.SeleniumTestRunner$2.evaluate(SeleniumTestRunner.java:107)<br>	at org.openqa.selenium.testing.SeleniumTestRunner.runChild(SeleniumTestRunner.java:80)<br>	at org.openqa.selenium.testing.SeleniumTestRunner.runChild(SeleniumTestRunner.java:40)<br>	at org.openqa.selenium.testing.ParallelSuite$2.run(ParallelSuite.java:40)<br>	at org.openqa.selenium.testing.ParallelSuite$ThreadPool$1.run(ParallelSuite.java:79)<br>
</code></td><td>0.066</td>
</tr>
</table>
</body>
</html>
