<html xmlns:stringutils="xalan://org.apache.tools.ant.util.StringUtils" xmlns:lxslt="http://xml.apache.org/xslt">
<head>
<META http-equiv="Content-Type" content="text/html; charset=UTF-8">
<title>Unit Test Results: org.openqa.selenium.qtwebkit.QtWebkitDriverTest</title>
<link title="Style" type="text/css" rel="stylesheet" href="../../../../stylesheet.css">
<script language="JavaScript" type="text/javascript">
        var TestCases = new Array();
        var cur;
        
    cur = TestCases['org.openqa.selenium.qtwebkit.QtWebkitDriverTest'] = new Array();
    
        cur['ant.core.lib'] = '/usr/share/java/ant.jar';
    
        cur['ant.file'] = '/home/liberus/workspace/NDSProject/wd/test/Java/build.xml';
    
        cur['ant.file.module_selenium'] = '/home/liberus/workspace/NDSProject/wd/test/Java/module_selenium.xml';
    
        cur['ant.file.selenium'] = '/home/liberus/workspace/NDSProject/wd/test/Java/build.xml';
    
        cur['ant.file.type'] = 'file';
    
        cur['ant.file.type.module_selenium'] = 'file';
    
        cur['ant.file.type.selenium'] = 'file';
    
        cur['ant.home'] = '/usr/share/ant';
    
        cur['ant.java.version'] = '1.7';
    
        cur['ant.library.dir'] = '/usr/share/ant/lib';
    
        cur['ant.project.default-target'] = 'all';
    
        cur['ant.project.invoked-targets'] = 'test';
    
        cur['ant.project.name'] = 'selenium';
    
        cur['ant.version'] = 'Apache Ant(TM) version 1.8.3 compiled on February 29 2012';
    
        cur['awt.toolkit'] = 'sun.awt.X11.XToolkit';
    
        cur['basedir'] = '/home/liberus/workspace/NDSProject/wd/test/Java';
    
        cur['compiler.args'] = '';
    
        cur['compiler.args.selenium'] = '';
    
        cur['compiler.debug'] = 'on';
    
        cur['compiler.generate.no.warnings'] = 'off';
    
        cur['compiler.max.memory'] = '128m';
    
        cur['file.encoding'] = 'UTF-8';
    
        cur['file.encoding.pkg'] = 'sun.io';
    
        cur['file.separator'] = '/';
    
        cur['java.awt.graphicsenv'] = 'sun.awt.X11GraphicsEnvironment';
    
        cur['java.awt.printerjob'] = 'sun.print.PSPrinterJob';
    
        cur['java.class.path'] = '/home/liberus/workspace/NDSProject/wd/test/Java/out/test:/home/liberus/workspace/NDSProject/wd/test/Java/lib/selenium-2.25.0/selenium-java-2.25.0.jar:/home/liberus/workspace/NDSProject/wd/test/Java/third_party/java/jetty/jetty-repacked-7.6.1.jar:/home/liberus/workspace/NDSProject/wd/test/Java/third_party/java/commons-fileupload/commons-fileupload-1.2.2.jar:/home/liberus/workspace/NDSProject/wd/test/Java/third_party/java/servlet-api/servlet-api-2.5-6.1.9.jar:/home/liberus/workspace/NDSProject/wd/test/Java/lib/common.jar:/home/liberus/workspace/NDSProject/wd/test/Java/lib/guava-r05.jar:/home/liberus/workspace/NDSProject/wd/test/Java/lib/jmock-2.5.1.jar:/home/liberus/workspace/NDSProject/wd/test/Java/lib/jmock-junit4-2.4.0.jar:/home/liberus/workspace/NDSProject/wd/test/Java/lib/junit/junit-dep-4.10-src.jar:/home/liberus/workspace/NDSProject/wd/test/Java/lib/junit/junit-dep-4.10.jar:/home/liberus/workspace/NDSProject/wd/test/Java/lib/my_lib.jar:/home/liberus/workspace/NDSProject/wd/test/Java/lib/selenium-2.25.0/libs/apache-mime4j-0.6.jar:/home/liberus/workspace/NDSProject/wd/test/Java/lib/selenium-2.25.0/libs/bsh-1.3.0.jar:/home/liberus/workspace/NDSProject/wd/test/Java/lib/selenium-2.25.0/libs/cglib-nodep-2.1_3.jar:/home/liberus/workspace/NDSProject/wd/test/Java/lib/selenium-2.25.0/libs/commons-codec-1.6.jar:/home/liberus/workspace/NDSProject/wd/test/Java/lib/selenium-2.25.0/libs/commons-collections-3.2.1.jar:/home/liberus/workspace/NDSProject/wd/test/Java/lib/selenium-2.25.0/libs/commons-exec-1.1.jar:/home/liberus/workspace/NDSProject/wd/test/Java/lib/selenium-2.25.0/libs/commons-io-2.0.1.jar:/home/liberus/workspace/NDSProject/wd/test/Java/lib/selenium-2.25.0/libs/commons-jxpath-1.3.jar:/home/liberus/workspace/NDSProject/wd/test/Java/lib/selenium-2.25.0/libs/commons-lang-2.6.jar:/home/liberus/workspace/NDSProject/wd/test/Java/lib/selenium-2.25.0/libs/commons-logging-1.1.1.jar:/home/liberus/workspace/NDSProject/wd/test/Java/lib/selenium-2.25.0/libs/cssparser-0.9.5.jar:/home/liberus/workspace/NDSProject/wd/test/Java/lib/selenium-2.25.0/libs/guava-12.0.jar:/home/liberus/workspace/NDSProject/wd/test/Java/lib/selenium-2.25.0/libs/hamcrest-core-1.1.jar:/home/liberus/workspace/NDSProject/wd/test/Java/lib/selenium-2.25.0/libs/hamcrest-library-1.1.jar:/home/liberus/workspace/NDSProject/wd/test/Java/lib/selenium-2.25.0/libs/htmlunit-2.9.jar:/home/liberus/workspace/NDSProject/wd/test/Java/lib/selenium-2.25.0/libs/htmlunit-core-js-2.9.jar:/home/liberus/workspace/NDSProject/wd/test/Java/lib/selenium-2.25.0/libs/httpclient-4.1.3.jar:/home/liberus/workspace/NDSProject/wd/test/Java/lib/selenium-2.25.0/libs/httpcore-4.1.3.jar:/home/liberus/workspace/NDSProject/wd/test/Java/lib/selenium-2.25.0/libs/httpmime-4.1.3.jar:/home/liberus/workspace/NDSProject/wd/test/Java/lib/selenium-2.25.0/libs/ini4j-0.5.2.jar:/home/liberus/workspace/NDSProject/wd/test/Java/lib/selenium-2.25.0/libs/jcommander-1.13.jar:/home/liberus/workspace/NDSProject/wd/test/Java/lib/selenium-2.25.0/libs/jna-3.4.0.jar:/home/liberus/workspace/NDSProject/wd/test/Java/lib/selenium-2.25.0/libs/jna-platform-3.4.0.jar:/home/liberus/workspace/NDSProject/wd/test/Java/lib/selenium-2.25.0/libs/json-20080701.jar:/home/liberus/workspace/NDSProject/wd/test/Java/lib/selenium-2.25.0/libs/junit-dep-4.10.jar:/home/liberus/workspace/NDSProject/wd/test/Java/lib/selenium-2.25.0/libs/nekohtml-1.9.15.jar:/home/liberus/workspace/NDSProject/wd/test/Java/lib/selenium-2.25.0/libs/netty-3.2.7.Final.jar:/home/liberus/workspace/NDSProject/wd/test/Java/lib/selenium-2.25.0/libs/operadriver-0.14.jar:/home/liberus/workspace/NDSProject/wd/test/Java/lib/selenium-2.25.0/libs/protobuf-java-2.4.1.jar:/home/liberus/workspace/NDSProject/wd/test/Java/lib/selenium-2.25.0/libs/sac-1.3.jar:/home/liberus/workspace/NDSProject/wd/test/Java/lib/selenium-2.25.0/libs/serializer-2.7.1.jar:/home/liberus/workspace/NDSProject/wd/test/Java/lib/selenium-2.25.0/libs/testng-6.0.1-nobsh-noguice.jar:/home/liberus/workspace/NDSProject/wd/test/Java/lib/selenium-2.25.0/libs/webbit-0.4.8-SNAPSHOT.jar:/home/liberus/workspace/NDSProject/wd/test/Java/lib/selenium-2.25.0/libs/xalan-2.7.1.jar:/home/liberus/workspace/NDSProject/wd/test/Java/lib/selenium-2.25.0/libs/xercesImpl-2.9.1.jar:/home/liberus/workspace/NDSProject/wd/test/Java/lib/selenium-2.25.0/libs/xml-apis-1.3.04.jar:/home/liberus/workspace/NDSProject/wd/test/Java/lib/selenium-2.25.0/selenium-java-2.25.0-srcs.jar:/home/liberus/workspace/NDSProject/wd/test/Java/lib/selenium-api-2.9.0.jar:/usr/share/java/junit.jar:/usr/share/java/ant-launcher.jar:/usr/share/java/ant.jar:/usr/share/java/ant/ant-junit.jar:/usr/share/java/ant/ant-junit4.jar';
    
        cur['java.class.version'] = '51.0';
    
        cur['java.endorsed.dirs'] = '/usr/lib/jvm/java-1.7.0-openjdk-1.7.0.6/jre/lib/endorsed';
    
        cur['java.ext.dirs'] = '/usr/lib/jvm/java-1.7.0-openjdk-1.7.0.6/jre/lib/ext:/usr/java/packages/lib/ext';
    
        cur['java.home'] = '/usr/lib/jvm/java-1.7.0-openjdk-1.7.0.6/jre';
    
        cur['java.io.tmpdir'] = '/tmp';
    
        cur['java.library.path'] = '/usr/java/packages/lib/i386:/lib:/usr/lib';
    
        cur['java.runtime.name'] = 'OpenJDK Runtime Environment';
    
        cur['java.runtime.version'] = '1.7.0_06-icedtea-mockbuild_2012_08_31_14_28-b00';
    
        cur['java.specification.name'] = 'Java Platform API Specification';
    
        cur['java.specification.vendor'] = 'Oracle Corporation';
    
        cur['java.specification.version'] = '1.7';
    
        cur['java.vendor'] = 'Oracle Corporation';
    
        cur['java.vendor.url'] = 'http://java.oracle.com/';
    
        cur['java.vendor.url.bug'] = 'http://bugreport.sun.com/bugreport/';
    
        cur['java.version'] = '1.7.0_06-icedtea';
    
        cur['java.vm.info'] = 'mixed mode';
    
        cur['java.vm.name'] = 'OpenJDK Server VM';
    
        cur['java.vm.specification.name'] = 'Java Virtual Machine Specification';
    
        cur['java.vm.specification.vendor'] = 'Oracle Corporation';
    
        cur['java.vm.specification.version'] = '1.7';
    
        cur['java.vm.vendor'] = 'Oracle Corporation';
    
        cur['java.vm.version'] = '23.2-b09';
    
        cur['jdk.bin.1.6'] = '/usr/lib/jvm/java-1.7.0-openjdk-1.7.0.6/bin';
    
        cur['jdk.home.1.6'] = '/usr/lib/jvm/java-1.7.0-openjdk-1.7.0.6';
    
        cur['line.separator'] = '\n';
    
        cur['module.jdk.bin.selenium'] = '/usr/lib/jvm/java-1.7.0-openjdk-1.7.0.6/bin';
    
        cur['module.jdk.classpath.selenium'] = 'jdk.classpath.1.6';
    
        cur['module.jdk.home.selenium'] = '/usr/lib/jvm/java-1.7.0-openjdk-1.7.0.6';
    
        cur['module.selenium.basedir'] = '/home/liberus/workspace/NDSProject/wd/test/Java';
    
        cur['os.arch'] = 'i386';
    
        cur['os.name'] = 'Linux';
    
        cur['os.version'] = '3.5.3-1.fc17.i686';
    
        cur['path.separator'] = ':';
    
        cur['path.variable.maven_repository'] = '/home/dmytro/.m2/repository';
    
        cur['project.jdk.bin'] = '/usr/lib/jvm/java-1.7.0-openjdk-1.7.0.6/bin';
    
        cur['project.jdk.classpath'] = 'jdk.classpath.1.6';
    
        cur['project.jdk.home'] = '/usr/lib/jvm/java-1.7.0-openjdk-1.7.0.6';
    
        cur['selenium.output.dir'] = '/home/liberus/workspace/NDSProject/wd/test/Java/out';
    
        cur['selenium.testoutput.dir'] = '/home/liberus/workspace/NDSProject/wd/test/Java/out/test';
    
        cur['sun.arch.data.model'] = '32';
    
        cur['sun.boot.class.path'] = '/usr/lib/jvm/java-1.7.0-openjdk-1.7.0.6/jre/lib/resources.jar:/usr/lib/jvm/java-1.7.0-openjdk-1.7.0.6/jre/lib/rt.jar:/usr/lib/jvm/java-1.7.0-openjdk-1.7.0.6/jre/lib/sunrsasign.jar:/usr/lib/jvm/java-1.7.0-openjdk-1.7.0.6/jre/lib/jsse.jar:/usr/lib/jvm/java-1.7.0-openjdk-1.7.0.6/jre/lib/jce.jar:/usr/lib/jvm/java-1.7.0-openjdk-1.7.0.6/jre/lib/charsets.jar:/usr/lib/jvm/java-1.7.0-openjdk-1.7.0.6/jre/lib/netx.jar:/usr/lib/jvm/java-1.7.0-openjdk-1.7.0.6/jre/lib/plugin.jar:/usr/lib/jvm/java-1.7.0-openjdk-1.7.0.6/jre/lib/rhino.jar:/usr/lib/jvm/java-1.7.0-openjdk-1.7.0.6/jre/lib/jfr.jar:/usr/lib/jvm/java-1.7.0-openjdk-1.7.0.6/jre/classes';
    
        cur['sun.boot.library.path'] = '/usr/lib/jvm/java-1.7.0-openjdk-1.7.0.6/jre/lib/i386';
    
        cur['sun.cpu.endian'] = 'little';
    
        cur['sun.cpu.isalist'] = '';
    
        cur['sun.desktop'] = 'gnome';
    
        cur['sun.io.unicode.encoding'] = 'UnicodeLittle';
    
        cur['sun.java.command'] = 'org.apache.tools.ant.taskdefs.optional.junit.JUnitTestRunner org.openqa.selenium.qtwebkit.QtWebkitDriverTest filtertrace=true haltOnError=false haltOnFailure=false formatter=org.apache.tools.ant.taskdefs.optional.junit.SummaryJUnitResultFormatter showoutput=false outputtoformatters=true logfailedtests=true logtestlistenerevents=false formatter=org.apache.tools.ant.taskdefs.optional.junit.XMLJUnitResultFormatter,/home/liberus/workspace/NDSProject/wd/test/Java/report/TEST-org.openqa.selenium.qtwebkit.QtWebkitDriverTest.xml crashfile=/home/liberus/workspace/NDSProject/wd/test/Java/junitvmwatcher5200338193887668568.properties propsfile=/home/liberus/workspace/NDSProject/wd/test/Java/junit4947080375092324919.properties';
    
        cur['sun.java.launcher'] = 'SUN_STANDARD';
    
        cur['sun.jnu.encoding'] = 'UTF-8';
    
        cur['sun.management.compiler'] = 'HotSpot Tiered Compilers';
    
        cur['sun.os.patch.level'] = 'unknown';
    
        cur['test.class.name'] = 'org.openqa.selenium.qtwebkit.QtWebkitDriverTest';
    
        cur['test.reports'] = '/home/liberus/workspace/NDSProject/wd/test/Java/report';
    
        cur['user.country'] = 'US';
    
        cur['user.dir'] = '/home/liberus/workspace/NDSProject/wd/test/Java';
    
        cur['user.home'] = '/home/liberus';
    
        cur['user.language'] = 'en';
    
        cur['user.name'] = 'liberus';
    
        cur['user.timezone'] = '';
    </script><script language="JavaScript" type="text/javascript">
        function displayProperties (name) {
          var win = window.open('','JUnitSystemProperties','scrollbars=1,resizable=1');
          var doc = win.document;
          doc.open();
          doc.write("<html><head><title>Properties of " + name + "</title>");
          doc.write("<style type=\"text/css\">");
          doc.write("body {font:normal 68% verdana,arial,helvetica; color:#000000; }");
          doc.write("table tr td, table tr th { font-size: 68%; }");
          doc.write("table.properties { border-collapse:collapse; border-left:solid 1 #cccccc; border-top:solid 1 #cccccc; padding:5px; }");
          doc.write("table.properties th { text-align:left; border-right:solid 1 #cccccc; border-bottom:solid 1 #cccccc; background-color:#eeeeee; }");
          doc.write("table.properties td { font:normal; text-align:left; border-right:solid 1 #cccccc; border-bottom:solid 1 #cccccc; background-color:#fffffff; }");
          doc.write("h3 { margin-bottom: 0.5em; font: bold 115% verdana,arial,helvetica }");
          doc.write("</style>");
          doc.write("</head><body>");
          doc.write("<h3>Properties of " + name + "</h3>");
          doc.write("<div align=\"right\"><a href=\"javascript:window.close();\">Close</a></div>");
          doc.write("<table class='properties'>");
          doc.write("<tr><th>Name</th><th>Value</th></tr>");
          for (prop in TestCases[name]) {
            doc.write("<tr><th>" + prop + "</th><td>" + TestCases[name][prop] + "</td></tr>");
          }
          doc.write("</table>");
          doc.write("</body></html>");
          doc.close();
          win.focus();
        }
      
      </script>
</head>
<body>
<h1>Unit Test Results.</h1>
<table width="100%">
<tr>
<td align="left"></td><td align="right">Designed for use with <a href="http://www.junit.org/">JUnit</a> and <a href="http://ant.apache.org/">Ant</a>.</td>
</tr>
</table>
<hr size="1">
<h3>Class org.openqa.selenium.qtwebkit.QtWebkitDriverTest</h3>
<table width="95%" cellspacing="2" cellpadding="5" border="0" class="details">
<tr valign="top">
<th width="80%">Name</th><th>Tests</th><th>Errors</th><th>Failures</th><th nowrap>Time(s)</th><th nowrap>Time Stamp</th><th>Host</th>
</tr>
<tr valign="top" class="Error">
<td><a href="0_QtWebkitDriverTest.html" title="Display all tests">QtWebkitDriverTest</a></td><td><a href="0_QtWebkitDriverTest.html" title="Display all tests">551</a></td><td><a href="0_QtWebkitDriverTest-errors.html" title="Display only errors">7</a></td><td><a href="0_QtWebkitDriverTest-fails.html" title="Display only failures">10</a></td><td>199.087</td><td>2013-03-05T10:59:03</td><td>lwo1-dhp-f35258.synapse.com</td>
</tr>
</table>
<h2>Errors</h2>
<table width="95%" cellspacing="2" cellpadding="5" border="0" class="details">
<tr valign="top">
<th>Name</th><th>Status</th><th width="80%">Type</th><th nowrap>Time(s)</th>
</tr>
<tr valign="top" class="Error">
<td><a name="testShouldNotGetCookieOnDifferentDomain"></a>testShouldNotGetCookieOnDifferentDomain</td><td>Error</td><td>Expected valid hostname but was lwo1-dhp-f35258.synapse.com<br>
<br>
<code>java.lang.IllegalArgumentException: Expected valid hostname but was lwo1-dhp-f35258.synapse.com<br>	at com.google.common.base.Preconditions.checkArgument(Preconditions.java:115)<br>	at org.openqa.selenium.environment.DomainHelper.getUrlForSecondValidHostname(DomainHelper.java:42)<br>	at org.openqa.selenium.CookieImplementationTest.testShouldNotGetCookieOnDifferentDomain(CookieImplementationTest.java:216)<br>	at org.openqa.selenium.testing.SeleniumTestRunner$2.evaluate(SeleniumTestRunner.java:107)<br>	at org.openqa.selenium.testing.SeleniumTestRunner.runChild(SeleniumTestRunner.java:80)<br>	at org.openqa.selenium.testing.SeleniumTestRunner.runChild(SeleniumTestRunner.java:40)<br>	at org.openqa.selenium.testing.ParallelSuite$2.run(ParallelSuite.java:40)<br>	at org.openqa.selenium.testing.ParallelSuite$ThreadPool$1.run(ParallelSuite.java:79)<br>
</code></td><td>0.068</td>
</tr>
<tr valign="top" class="Error">
<td><a name="testFindingByCompoundClassNameIsAnError"></a>testFindingByCompoundClassNameIsAnError</td><td>Error</td><td>Compound class names are not supported. Consider searching for one class name and filtering the results.
Build info: version: '2.25.0', revision: '17482', time: '2012-07-18 21:09:54'
System info: os.name: 'Linux', os.arch: 'i386', os.version: '3.5.3-1.fc17.i686', java.version: '1.7.0_06-icedtea'
Driver info: driver.version: unknown<br>
<br>
<code>org.openqa.selenium.IllegalLocatorException: Compound class names are not supported. Consider searching for one class name and filtering the results.<br>Build info: version: '2.25.0', revision: '17482', time: '2012-07-18 21:09:54'<br>System info: os.name: 'Linux', os.arch: 'i386', os.version: '3.5.3-1.fc17.i686', java.version: '1.7.0_06-icedtea'<br>Driver info: driver.version: unknown<br>	at org.openqa.selenium.By.className(By.java:131)<br>	at org.openqa.selenium.ElementFindingTest.testFindingByCompoundClassNameIsAnError(ElementFindingTest.java:408)<br>	at org.openqa.selenium.testing.SeleniumTestRunner$2.evaluate(SeleniumTestRunner.java:107)<br>	at org.openqa.selenium.testing.SeleniumTestRunner.runChild(SeleniumTestRunner.java:80)<br>	at org.openqa.selenium.testing.SeleniumTestRunner.runChild(SeleniumTestRunner.java:40)<br>	at org.openqa.selenium.testing.ParallelSuite$2.run(ParallelSuite.java:40)<br>	at org.openqa.selenium.testing.ParallelSuite$ThreadPool$1.run(ParallelSuite.java:79)<br>
</code></td><td>0.010</td>
</tr>
<tr valign="top" class="Error">
<td><a name="testShouldBeAbleToUploadTheSameFileTwice"></a>testShouldBeAbleToUploadTheSameFileTwice</td><td>Error</td><td>getAttribute execution failed;
 Element does not exist in cache (WARNING: The server did not provide any stacktrace information)
Command duration or timeout: 117 milliseconds
For documentation on this error, please visit: http://seleniumhq.org/exceptions/stale_element_reference.html
Build info: version: '2.25.0', revision: '17482', time: '2012-07-18 21:09:54'
System info: os.name: 'Linux', os.arch: 'i386', os.version: '3.5.3-1.fc17.i686', java.version: '1.7.0_06-icedtea'
Driver info: driver.version: RemoteWebDriver
Session ID: 8b3bcef18cb03aea2365d8f03934f0a7<br>
<br>
<code>org.openqa.selenium.StaleElementReferenceException: getAttribute execution failed;<br> Element does not exist in cache (WARNING: The server did not provide any stacktrace information)<br>Command duration or timeout: 117 milliseconds<br>For documentation on this error, please visit: http://seleniumhq.org/exceptions/stale_element_reference.html<br>Build info: version: '2.25.0', revision: '17482', time: '2012-07-18 21:09:54'<br>System info: os.name: 'Linux', os.arch: 'i386', os.version: '3.5.3-1.fc17.i686', java.version: '1.7.0_06-icedtea'<br>Driver info: driver.version: RemoteWebDriver<br>Session ID: 8b3bcef18cb03aea2365d8f03934f0a7<br>	at java.lang.reflect.Constructor.newInstance(Constructor.java:525)<br>	at org.openqa.selenium.remote.ErrorHandler.createThrowable(ErrorHandler.java:188)<br>	at org.openqa.selenium.remote.ErrorHandler.throwIfResponseFailed(ErrorHandler.java:145)<br>	at org.openqa.selenium.remote.RemoteWebDriver.execute(RemoteWebDriver.java:498)<br>	at org.openqa.selenium.remote.RemoteWebElement.execute(RemoteWebElement.java:244)<br>	at org.openqa.selenium.remote.RemoteWebElement.getAttribute(RemoteWebElement.java:121)<br>	at org.openqa.selenium.FormHandlingTest.testShouldBeAbleToUploadTheSameFileTwice(FormHandlingTest.java:229)<br>	at org.openqa.selenium.testing.SeleniumTestRunner$2.evaluate(SeleniumTestRunner.java:107)<br>	at org.openqa.selenium.testing.SeleniumTestRunner.runChild(SeleniumTestRunner.java:80)<br>	at org.openqa.selenium.testing.SeleniumTestRunner.runChild(SeleniumTestRunner.java:40)<br>	at org.openqa.selenium.testing.ParallelSuite$2.run(ParallelSuite.java:40)<br>	at org.openqa.selenium.testing.ParallelSuite$ThreadPool$1.run(ParallelSuite.java:79)<br>
</code></td><td>0.855</td>
</tr>
<tr valign="top" class="Error">
<td><a name="testShouldNotCrashWhenCallingGetSizeOnAnObsoleteElement"></a>testShouldNotCrashWhenCallingGetSizeOnAnObsoleteElement</td><td>Error</td><td>The element could not be found (WARNING: The server did not provide any stacktrace information)
Command duration or timeout: 7 milliseconds
For documentation on this error, please visit: http://seleniumhq.org/exceptions/no_such_element.html
Build info: version: '2.25.0', revision: '17482', time: '2012-07-18 21:09:54'
System info: os.name: 'Linux', os.arch: 'i386', os.version: '3.5.3-1.fc17.i686', java.version: '1.7.0_06-icedtea'
Driver info: driver.version: RemoteWebDriver
Session ID: f0fb82a6f972dd0a920a24e0056c742a<br>
<br>
<code>org.openqa.selenium.NoSuchElementException: The element could not be found (WARNING: The server did not provide any stacktrace information)<br>Command duration or timeout: 7 milliseconds<br>For documentation on this error, please visit: http://seleniumhq.org/exceptions/no_such_element.html<br>Build info: version: '2.25.0', revision: '17482', time: '2012-07-18 21:09:54'<br>System info: os.name: 'Linux', os.arch: 'i386', os.version: '3.5.3-1.fc17.i686', java.version: '1.7.0_06-icedtea'<br>Driver info: driver.version: RemoteWebDriver<br>Session ID: f0fb82a6f972dd0a920a24e0056c742a<br>	at java.lang.reflect.Constructor.newInstance(Constructor.java:525)<br>	at org.openqa.selenium.remote.ErrorHandler.createThrowable(ErrorHandler.java:188)<br>	at org.openqa.selenium.remote.ErrorHandler.throwIfResponseFailed(ErrorHandler.java:145)<br>	at org.openqa.selenium.remote.RemoteWebDriver.execute(RemoteWebDriver.java:498)<br>	at org.openqa.selenium.remote.RemoteWebDriver.findElement(RemoteWebDriver.java:268)<br>	at org.openqa.selenium.remote.RemoteWebDriver.findElementById(RemoteWebDriver.java:297)<br>	at org.openqa.selenium.By$ById.findElement(By.java:215)<br>	at org.openqa.selenium.remote.RemoteWebDriver.findElement(RemoteWebDriver.java:260)<br>	at org.openqa.selenium.StaleElementReferenceTest.testShouldNotCrashWhenCallingGetSizeOnAnObsoleteElement(StaleElementReferenceTest.java:46)<br>	at org.openqa.selenium.testing.SeleniumTestRunner$2.evaluate(SeleniumTestRunner.java:107)<br>	at org.openqa.selenium.testing.SeleniumTestRunner.runChild(SeleniumTestRunner.java:80)<br>	at org.openqa.selenium.testing.SeleniumTestRunner.runChild(SeleniumTestRunner.java:40)<br>	at org.openqa.selenium.testing.ParallelSuite$2.run(ParallelSuite.java:40)<br>	at org.openqa.selenium.testing.ParallelSuite$ThreadPool$1.run(ParallelSuite.java:79)<br>
</code></td><td>0.011</td>
</tr>
<tr valign="top" class="Error">
<td><a name="testShouldNotCrashWhenQueryingTheAttributeOfAStaleElement"></a>testShouldNotCrashWhenQueryingTheAttributeOfAStaleElement</td><td>Error</td><td>The element could not be found (WARNING: The server did not provide any stacktrace information)
Command duration or timeout: 7 milliseconds
For documentation on this error, please visit: http://seleniumhq.org/exceptions/no_such_element.html
Build info: version: '2.25.0', revision: '17482', time: '2012-07-18 21:09:54'
System info: os.name: 'Linux', os.arch: 'i386', os.version: '3.5.3-1.fc17.i686', java.version: '1.7.0_06-icedtea'
Driver info: driver.version: RemoteWebDriver
Session ID: f0fb82a6f972dd0a920a24e0056c742a<br>
<br>
<code>org.openqa.selenium.NoSuchElementException: The element could not be found (WARNING: The server did not provide any stacktrace information)<br>Command duration or timeout: 7 milliseconds<br>For documentation on this error, please visit: http://seleniumhq.org/exceptions/no_such_element.html<br>Build info: version: '2.25.0', revision: '17482', time: '2012-07-18 21:09:54'<br>System info: os.name: 'Linux', os.arch: 'i386', os.version: '3.5.3-1.fc17.i686', java.version: '1.7.0_06-icedtea'<br>Driver info: driver.version: RemoteWebDriver<br>Session ID: f0fb82a6f972dd0a920a24e0056c742a<br>	at java.lang.reflect.Constructor.newInstance(Constructor.java:525)<br>	at org.openqa.selenium.remote.ErrorHandler.createThrowable(ErrorHandler.java:188)<br>	at org.openqa.selenium.remote.ErrorHandler.throwIfResponseFailed(ErrorHandler.java:145)<br>	at org.openqa.selenium.remote.RemoteWebDriver.execute(RemoteWebDriver.java:498)<br>	at org.openqa.selenium.remote.RemoteWebDriver.findElement(RemoteWebDriver.java:268)<br>	at org.openqa.selenium.remote.RemoteWebDriver.findElementByXPath(RemoteWebDriver.java:353)<br>	at org.openqa.selenium.By$ByXPath.findElement(By.java:343)<br>	at org.openqa.selenium.remote.RemoteWebDriver.findElement(RemoteWebDriver.java:260)<br>	at org.openqa.selenium.StaleElementReferenceTest.testShouldNotCrashWhenQueryingTheAttributeOfAStaleElement(StaleElementReferenceTest.java:61)<br>	at org.openqa.selenium.testing.SeleniumTestRunner$2.evaluate(SeleniumTestRunner.java:107)<br>	at org.openqa.selenium.testing.SeleniumTestRunner.runChild(SeleniumTestRunner.java:80)<br>	at org.openqa.selenium.testing.SeleniumTestRunner.runChild(SeleniumTestRunner.java:40)<br>	at org.openqa.selenium.testing.ParallelSuite$2.run(ParallelSuite.java:40)<br>	at org.openqa.selenium.testing.ParallelSuite$ThreadPool$1.run(ParallelSuite.java:79)<br>
</code></td><td>0.010</td>
</tr>
<tr valign="top" class="Error">
<td><a name="testOldPage"></a>testOldPage</td><td>Error</td><td>The element could not be found (WARNING: The server did not provide any stacktrace information)
Command duration or timeout: 8 milliseconds
For documentation on this error, please visit: http://seleniumhq.org/exceptions/no_such_element.html
Build info: version: '2.25.0', revision: '17482', time: '2012-07-18 21:09:54'
System info: os.name: 'Linux', os.arch: 'i386', os.version: '3.5.3-1.fc17.i686', java.version: '1.7.0_06-icedtea'
Driver info: driver.version: RemoteWebDriver
Session ID: f0fb82a6f972dd0a920a24e0056c742a<br>
<br>
<code>org.openqa.selenium.NoSuchElementException: The element could not be found (WARNING: The server did not provide any stacktrace information)<br>Command duration or timeout: 8 milliseconds<br>For documentation on this error, please visit: http://seleniumhq.org/exceptions/no_such_element.html<br>Build info: version: '2.25.0', revision: '17482', time: '2012-07-18 21:09:54'<br>System info: os.name: 'Linux', os.arch: 'i386', os.version: '3.5.3-1.fc17.i686', java.version: '1.7.0_06-icedtea'<br>Driver info: driver.version: RemoteWebDriver<br>Session ID: f0fb82a6f972dd0a920a24e0056c742a<br>	at java.lang.reflect.Constructor.newInstance(Constructor.java:525)<br>	at org.openqa.selenium.remote.ErrorHandler.createThrowable(ErrorHandler.java:188)<br>	at org.openqa.selenium.remote.ErrorHandler.throwIfResponseFailed(ErrorHandler.java:145)<br>	at org.openqa.selenium.remote.RemoteWebDriver.execute(RemoteWebDriver.java:498)<br>	at org.openqa.selenium.remote.RemoteWebDriver.findElement(RemoteWebDriver.java:268)<br>	at org.openqa.selenium.remote.RemoteWebDriver.findElementById(RemoteWebDriver.java:297)<br>	at org.openqa.selenium.By$ById.findElement(By.java:215)<br>	at org.openqa.selenium.remote.RemoteWebDriver.findElement(RemoteWebDriver.java:260)<br>	at org.openqa.selenium.StaleElementReferenceTest.testOldPage(StaleElementReferenceTest.java:32)<br>	at org.openqa.selenium.testing.SeleniumTestRunner$2.evaluate(SeleniumTestRunner.java:107)<br>	at org.openqa.selenium.testing.SeleniumTestRunner.runChild(SeleniumTestRunner.java:80)<br>	at org.openqa.selenium.testing.SeleniumTestRunner.runChild(SeleniumTestRunner.java:40)<br>	at org.openqa.selenium.testing.ParallelSuite$2.run(ParallelSuite.java:40)<br>	at org.openqa.selenium.testing.ParallelSuite$ThreadPool$1.run(ParallelSuite.java:79)<br>
</code></td><td>0.011</td>
</tr>
<tr valign="top" class="Error">
<td><a name="testShouldClickOnGraphVisualElements"></a>testShouldClickOnGraphVisualElements</td><td>Error</td><td>The element could not be found (WARNING: The server did not provide any stacktrace information)
Command duration or timeout: 61 milliseconds
For documentation on this error, please visit: http://seleniumhq.org/exceptions/no_such_element.html
Build info: version: '2.25.0', revision: '17482', time: '2012-07-18 21:09:54'
System info: os.name: 'Linux', os.arch: 'i386', os.version: '3.5.3-1.fc17.i686', java.version: '1.7.0_06-icedtea'
Driver info: driver.version: RemoteWebDriver
Session ID: f0fb82a6f972dd0a920a24e0056c742a<br>
<br>
<code>org.openqa.selenium.NoSuchElementException: The element could not be found (WARNING: The server did not provide any stacktrace information)<br>Command duration or timeout: 61 milliseconds<br>For documentation on this error, please visit: http://seleniumhq.org/exceptions/no_such_element.html<br>Build info: version: '2.25.0', revision: '17482', time: '2012-07-18 21:09:54'<br>System info: os.name: 'Linux', os.arch: 'i386', os.version: '3.5.3-1.fc17.i686', java.version: '1.7.0_06-icedtea'<br>Driver info: driver.version: RemoteWebDriver<br>Session ID: f0fb82a6f972dd0a920a24e0056c742a<br>	at java.lang.reflect.Constructor.newInstance(Constructor.java:525)<br>	at org.openqa.selenium.remote.ErrorHandler.createThrowable(ErrorHandler.java:188)<br>	at org.openqa.selenium.remote.ErrorHandler.throwIfResponseFailed(ErrorHandler.java:145)<br>	at org.openqa.selenium.remote.RemoteWebDriver.execute(RemoteWebDriver.java:498)<br>	at org.openqa.selenium.remote.RemoteWebDriver.findElement(RemoteWebDriver.java:268)<br>	at org.openqa.selenium.remote.RemoteWebDriver.findElementByCssSelector(RemoteWebDriver.java:345)<br>	at org.openqa.selenium.By$ByCssSelector.findElement(By.java:406)<br>	at org.openqa.selenium.remote.RemoteWebDriver.findElement(RemoteWebDriver.java:260)<br>	at org.openqa.selenium.SvgElementTest.testShouldClickOnGraphVisualElements(SvgElementTest.java:53)<br>	at org.openqa.selenium.testing.SeleniumTestRunner$2.evaluate(SeleniumTestRunner.java:107)<br>	at org.openqa.selenium.testing.SeleniumTestRunner.runChild(SeleniumTestRunner.java:80)<br>	at org.openqa.selenium.testing.SeleniumTestRunner.runChild(SeleniumTestRunner.java:40)<br>	at org.openqa.selenium.testing.ParallelSuite$2.run(ParallelSuite.java:40)<br>	at org.openqa.selenium.testing.ParallelSuite$ThreadPool$1.run(ParallelSuite.java:79)<br>
</code></td><td>0.066</td>
</tr>
</table>
<div class="Properties">
<a href="javascript:displayProperties('org.openqa.selenium.qtwebkit.QtWebkitDriverTest');">
                    Properties &raquo;
                </a>
</div>
<div class="Properties">
<a href="./0_QtWebkitDriverTest-err.html">
                        System.err &raquo;
                    </a>
</div>
</body>
</html>
